2025-05-23 11:03:11,717 - INFO - Verificando si el contenedor s1 existe...
2025-05-23 11:03:25,447 - INFO - Verificando si el contenedor s2 existe...
2025-05-23 11:03:29,234 - INFO - Verificando si el contenedor s3 existe...
2025-05-23 11:03:33,089 - INFO - Verificando si el contenedor lb existe...
2025-05-23 11:03:33,111 - INFO - Creando balanceador lb...
2025-05-23 11:03:36,984 - INFO - Verificando si el contenedor cl existe...
2025-05-23 11:03:36,999 - INFO - Creando cliente cl...
2025-05-23 11:03:40,825 - INFO - Configurando red: creando bridges...
2025-05-23 11:03:40,825 - INFO - Verificando si el bridge lxdbr1 existe...
2025-05-23 11:03:41,509 - INFO - Bridge lxdbr1 creado correctamente.
2025-05-23 11:03:42,371 - INFO - Configurando la red para el cliente...
2025-05-23 11:03:42,460 - INFO - Configurando la red para el balanceador...
2025-05-23 11:03:42,576 - INFO - Configurando la red para el servidor s1 con la IP 134.3.0.11...
2025-05-23 11:03:42,632 - INFO - Configurando la red para el servidor s2 con la IP 134.3.0.12...
2025-05-23 11:03:42,686 - INFO - Configurando la red para el servidor s3 con la IP 134.3.0.13...
2025-05-23 11:03:42,740 - INFO - Red configurada correctamente para todos los servidores.
2025-05-23 11:03:42,740 - INFO - Red configurada correctamente.
2025-05-23 11:03:42,740 - INFO - Escenario creado correctamente.
2025-05-23 11:16:29,854 - INFO - Verificando si el contenedor hehe existe...
2025-05-23 11:16:33,742 - INFO - El contenedor se ha creado correctamente.
2025-05-23 11:28:54,913 - INFO - Verificando si el contenedor s1 existe...
2025-05-23 11:28:54,931 - INFO - El contenedor s1 ya existe. Saltando creación.
2025-05-23 11:28:54,931 - INFO - Verificando si el contenedor s2 existe...
2025-05-23 11:28:54,952 - INFO - El contenedor s2 ya existe. Saltando creación.
2025-05-23 11:28:54,952 - INFO - Verificando si el contenedor lb existe...
2025-05-23 11:28:54,969 - INFO - El balanceador lb ya existe. Saltando creación.
2025-05-23 11:28:54,969 - INFO - Verificando si el contenedor cl existe...
2025-05-23 11:28:54,987 - INFO - El contenedor cl ya existe. Saltando creación.
2025-05-23 11:28:54,987 - INFO - Configurando red: creando bridges...
2025-05-23 11:28:54,987 - INFO - Verificando si el bridge lxdbr1 existe...
2025-05-23 11:28:55,008 - INFO - El bridge lxdbr1 ya existe.
2025-05-23 11:28:55,033 - INFO - Configurando la red para el cliente...
2025-05-23 11:28:55,077 - INFO - Configurando la red para el balanceador...
2025-05-23 11:28:55,184 - INFO - Configurando la red para el servidor s1 con la IP 134.3.0.11...
2025-05-23 11:28:55,229 - INFO - Configurando la red para el servidor s2 con la IP 134.3.0.12...
2025-05-23 11:28:55,278 - INFO - Red configurada correctamente para todos los servidores.
2025-05-23 11:28:55,278 - INFO - Red configurada correctamente.
2025-05-23 11:28:55,278 - INFO - Escenario creado correctamente.
2025-05-28 10:19:18,955 - INFO - Verificando si el contenedor s1 existe...
2025-05-28 10:19:32,027 - INFO - Verificando si el contenedor s2 existe...
2025-05-28 10:19:35,880 - INFO - Verificando si el contenedor s3 existe...
2025-05-28 10:19:39,666 - INFO - Verificando si el contenedor lb existe...
2025-05-28 10:19:39,680 - INFO - Creando balanceador lb...
2025-05-28 10:19:43,434 - INFO - Verificando si el contenedor cl existe...
2025-05-28 10:19:43,448 - INFO - Creando cliente cl...
2025-05-28 10:19:47,262 - INFO - Verificando si el contenedor db existe...
2025-05-28 10:19:47,278 - INFO - Creando contenedor db...
2025-05-28 10:19:51,003 - INFO - Configurando red: creando bridges...
2025-05-28 10:19:51,003 - INFO - Verificando si el bridge lxdbr1 existe...
2025-05-28 10:19:51,585 - INFO - Bridge lxdbr1 creado correctamente.
2025-05-28 10:19:52,418 - INFO - Configurando la red para el cliente...
2025-05-28 10:19:52,487 - INFO - Configurando la red para el balanceador...
2025-05-28 10:19:52,640 - INFO - Configurando la red para la base de datos...
2025-05-28 10:19:52,705 - INFO - Configurando la red para el servidor s1 con la IP 134.3.0.11...
2025-05-28 10:19:52,784 - INFO - Configurando la red para el servidor s2 con la IP 134.3.0.12...
2025-05-28 10:19:52,861 - INFO - Configurando la red para el servidor s3 con la IP 134.3.0.13...
2025-05-28 10:19:52,939 - INFO - Red configurada correctamente para todos los servidores.
2025-05-28 10:19:52,939 - INFO - Red configurada correctamente.
2025-05-28 10:19:52,939 - INFO - Escenario creado correctamente.
2025-05-28 10:22:21,468 - INFO - Verificando si el contenedor s1 existe...
2025-05-28 10:22:21,486 - INFO - El contenedor s1 ya existe. Saltando creación.
2025-05-28 10:22:21,486 - INFO - Verificando si el contenedor s2 existe...
2025-05-28 10:22:21,504 - INFO - El contenedor s2 ya existe. Saltando creación.
2025-05-28 10:22:21,504 - INFO - Verificando si el contenedor s3 existe...
2025-05-28 10:22:21,520 - INFO - El contenedor s3 ya existe. Saltando creación.
2025-05-28 10:22:21,520 - INFO - Verificando si el contenedor lb existe...
2025-05-28 10:22:21,538 - INFO - El balanceador lb ya existe. Saltando creación.
2025-05-28 10:22:21,538 - INFO - Verificando si el contenedor cl existe...
2025-05-28 10:22:21,557 - INFO - El contenedor cl ya existe. Saltando creación.
2025-05-28 10:22:21,557 - INFO - Verificando si el contenedor db existe...
2025-05-28 10:22:21,575 - INFO - El contenedor db ya existe. Saltando creación.
2025-05-28 10:22:21,575 - INFO - Configurando red: creando bridges...
2025-05-28 10:22:21,576 - INFO - Verificando si el bridge lxdbr1 existe...
2025-05-28 10:22:21,606 - INFO - El bridge lxdbr1 ya existe.
2025-05-28 10:22:21,646 - INFO - Configurando la red para el cliente...
2025-05-28 10:22:21,693 - INFO - Configurando la red para el balanceador...
2025-05-28 10:22:21,759 - INFO - Configurando la red para la base de datos...
2025-05-28 10:22:21,786 - INFO - Configurando la red para el servidor s1 con la IP 134.3.0.11...
2025-05-28 10:22:21,818 - INFO - Configurando la red para el servidor s2 con la IP 134.3.0.12...
2025-05-28 10:22:21,849 - INFO - Configurando la red para el servidor s3 con la IP 134.3.0.13...
2025-05-28 10:22:21,884 - INFO - Red configurada correctamente para todos los servidores.
2025-05-28 10:22:21,884 - INFO - Red configurada correctamente.
2025-05-28 10:22:21,884 - INFO - Escenario creado correctamente.
2025-05-28 10:25:41,265 - INFO - Verificando si el contenedor s1 existe...
2025-05-28 10:25:41,282 - INFO - El contenedor s1 ya existe. Saltando creación.
2025-05-28 10:25:41,282 - INFO - Verificando si el contenedor s2 existe...
2025-05-28 10:25:41,300 - INFO - El contenedor s2 ya existe. Saltando creación.
2025-05-28 10:25:41,300 - INFO - Verificando si el contenedor s3 existe...
2025-05-28 10:25:41,316 - INFO - El contenedor s3 ya existe. Saltando creación.
2025-05-28 10:25:41,316 - INFO - Verificando si el contenedor lb existe...
2025-05-28 10:25:41,334 - INFO - El balanceador lb ya existe. Saltando creación.
2025-05-28 10:25:41,334 - INFO - Verificando si el contenedor cl existe...
2025-05-28 10:25:41,353 - INFO - El contenedor cl ya existe. Saltando creación.
2025-05-28 10:25:41,353 - INFO - Verificando si el contenedor db existe...
2025-05-28 10:25:41,371 - INFO - El contenedor db ya existe. Saltando creación.
2025-05-28 10:25:41,372 - INFO - Configurando red: creando bridges...
2025-05-28 10:25:41,372 - INFO - Verificando si el bridge lxdbr1 existe...
2025-05-28 10:25:41,398 - INFO - El bridge lxdbr1 ya existe.
2025-05-28 10:25:41,428 - INFO - Configurando la red para el cliente...
2025-05-28 10:25:41,468 - INFO - Configurando la red para el balanceador...
2025-05-28 10:25:41,571 - INFO - Configurando la red para la base de datos...
2025-05-28 10:25:41,614 - INFO - Configurando la red para el servidor s1 con la IP 134.3.0.11...
2025-05-28 10:25:41,663 - INFO - Configurando la red para el servidor s2 con la IP 134.3.0.12...
2025-05-28 10:25:41,712 - INFO - Configurando la red para el servidor s3 con la IP 134.3.0.13...
2025-05-28 10:25:41,761 - INFO - Red configurada correctamente para todos los servidores.
2025-05-28 10:25:41,761 - INFO - Red configurada correctamente.
2025-05-28 10:25:41,761 - INFO - Escenario creado correctamente.
2025-05-28 10:28:44,200 - INFO - Verificando si el contenedor s1 existe...
2025-05-28 10:28:47,982 - INFO - Verificando si el contenedor s2 existe...
2025-05-28 10:28:51,749 - INFO - Verificando si el contenedor s3 existe...
2025-05-28 10:28:55,558 - INFO - Verificando si el contenedor lb existe...
2025-05-28 10:28:55,572 - INFO - Creando balanceador lb...
2025-05-28 10:28:59,272 - INFO - Verificando si el contenedor cl existe...
2025-05-28 10:28:59,286 - INFO - Creando cliente cl...
2025-05-28 10:29:03,146 - INFO - Verificando si el contenedor db existe...
2025-05-28 10:29:03,163 - INFO - Creando contenedor db...
2025-05-28 10:29:06,984 - INFO - Configurando red: creando bridges...
2025-05-28 10:29:06,985 - INFO - Verificando si el bridge lxdbr1 existe...
2025-05-28 10:29:07,574 - INFO - Bridge lxdbr1 creado correctamente.
2025-05-28 10:29:07,588 - INFO - Configurando la red para el cliente...
2025-05-28 10:29:07,643 - INFO - Configurando la red para el balanceador...
2025-05-28 10:29:07,761 - INFO - Configurando la red para la base de datos...
2025-05-28 10:29:07,826 - INFO - Configurando la red para el servidor s1 con la IP 134.3.0.11...
2025-05-28 10:29:07,906 - INFO - Configurando la red para el servidor s2 con la IP 134.3.0.12...
2025-05-28 10:29:07,985 - INFO - Configurando la red para el servidor s3 con la IP 134.3.0.13...
2025-05-28 10:29:08,065 - INFO - Red configurada correctamente para todos los servidores.
2025-05-28 10:29:08,065 - INFO - Red configurada correctamente.
2025-05-28 10:29:08,065 - INFO - Escenario creado correctamente.
2025-05-28 10:30:00,825 - ERROR - ¡Error al reiniciar MongoDB!
2025-05-28 10:30:00,826 - INFO - Verificando si el contenedor db existe...
2025-05-28 10:30:00,844 - INFO - Instalando MongoDB...
2025-05-28 10:30:00,865 - INFO - Configurando MongoDB...
2025-05-28 10:32:13,456 - ERROR - ¡Error al reiniciar MongoDB!
2025-05-28 10:32:13,457 - INFO - Verificando si el contenedor db existe...
2025-05-28 10:32:13,475 - INFO - Instalando MongoDB...
2025-05-28 10:32:13,496 - INFO - Configurando MongoDB...
2025-05-28 10:32:49,583 - ERROR - ¡Error al reiniciar MongoDB!
2025-05-28 10:32:49,583 - INFO - Verificando si el contenedor db existe...
2025-05-28 10:32:49,601 - INFO - Instalando MongoDB...
2025-05-28 10:32:49,622 - INFO - Configurando MongoDB...
2025-05-28 10:36:03,599 - ERROR - ¡Error al reiniciar MongoDB!
2025-05-28 10:36:03,599 - INFO - Verificando si el contenedor db existe...
2025-05-28 10:36:03,619 - INFO - Instalando MongoDB...
2025-05-28 10:36:03,641 - INFO - Configurando MongoDB...
2025-05-28 10:55:37,632 - INFO - Verificando si el contenedor s1 existe...
2025-05-28 10:55:37,649 - INFO - El contenedor s1 ya existe. Saltando creación.
2025-05-28 10:55:37,649 - INFO - Verificando si el contenedor s2 existe...
2025-05-28 10:55:37,667 - INFO - El contenedor s2 ya existe. Saltando creación.
2025-05-28 10:55:37,667 - INFO - Verificando si el contenedor lb existe...
2025-05-28 10:55:37,686 - INFO - El balanceador lb ya existe. Saltando creación.
2025-05-28 10:55:37,686 - INFO - Verificando si el contenedor cl existe...
2025-05-28 10:55:37,708 - INFO - El contenedor cl ya existe. Saltando creación.
2025-05-28 10:55:37,708 - INFO - Verificando si el contenedor db existe...
2025-05-28 10:55:37,732 - INFO - El contenedor db ya existe. Saltando creación.
2025-05-28 10:55:37,733 - INFO - Configurando red: creando bridges...
2025-05-28 10:55:37,733 - INFO - Verificando si el bridge lxdbr1 existe...
2025-05-28 10:55:37,772 - INFO - El bridge lxdbr1 ya existe.
2025-05-28 10:55:37,808 - INFO - Configurando la red para el cliente...
2025-05-28 10:55:37,859 - INFO - Configurando la red para el balanceador...
2025-05-28 10:55:37,965 - INFO - Configurando la red para la base de datos...
2025-05-28 10:55:38,016 - INFO - Configurando la red para el servidor s1 con la IP 134.3.0.11...
2025-05-28 10:55:38,066 - INFO - Configurando la red para el servidor s2 con la IP 134.3.0.12...
2025-05-28 10:55:38,117 - INFO - Red configurada correctamente para todos los servidores.
2025-05-28 10:55:38,117 - INFO - Red configurada correctamente.
2025-05-28 10:55:38,117 - INFO - Escenario creado correctamente.
2025-05-28 10:56:29,371 - INFO - Verificando si el contenedor s1 existe...
2025-05-28 10:56:33,112 - INFO - Verificando si el contenedor s2 existe...
2025-05-28 10:56:36,854 - INFO - Verificando si el contenedor lb existe...
2025-05-28 10:56:36,867 - INFO - Creando balanceador lb...
2025-05-28 10:56:40,877 - INFO - Verificando si el contenedor cl existe...
2025-05-28 10:56:40,891 - INFO - Creando cliente cl...
2025-05-28 10:56:44,689 - INFO - Verificando si el contenedor db existe...
2025-05-28 10:56:44,704 - INFO - Creando contenedor db...
2025-05-28 10:56:48,609 - INFO - Configurando red: creando bridges...
2025-05-28 10:56:48,609 - INFO - Verificando si el bridge lxdbr1 existe...
2025-05-28 10:56:48,633 - INFO - El bridge lxdbr1 ya existe.
2025-05-28 10:56:48,658 - INFO - Configurando la red para el cliente...
2025-05-28 10:56:48,742 - INFO - Configurando la red para el balanceador...
2025-05-28 10:56:48,985 - INFO - Configurando la red para la base de datos...
2025-05-28 10:56:49,092 - INFO - Configurando la red para el servidor s1 con la IP 134.3.0.11...
2025-05-28 10:56:49,199 - INFO - Configurando la red para el servidor s2 con la IP 134.3.0.12...
2025-05-28 10:56:49,304 - INFO - Red configurada correctamente para todos los servidores.
2025-05-28 10:56:49,304 - INFO - Red configurada correctamente.
2025-05-28 10:56:49,304 - INFO - Escenario creado correctamente.
2025-05-28 11:00:36,966 - INFO - Verificando si el contenedor s1 existe...
2025-05-28 11:00:40,734 - INFO - Verificando si el contenedor s2 existe...
2025-05-28 11:00:44,494 - INFO - Verificando si el contenedor lb existe...
2025-05-28 11:00:44,507 - INFO - Creando balanceador lb...
2025-05-28 11:00:48,452 - INFO - Verificando si el contenedor cl existe...
2025-05-28 11:00:48,465 - INFO - Creando cliente cl...
2025-05-28 11:00:52,328 - INFO - Verificando si el contenedor db existe...
2025-05-28 11:00:52,344 - INFO - Creando contenedor db...
2025-05-28 11:00:56,239 - INFO - Configurando red: creando bridges...
2025-05-28 11:00:56,240 - INFO - Verificando si el bridge lxdbr1 existe...
2025-05-28 11:00:56,264 - INFO - El bridge lxdbr1 ya existe.
2025-05-28 11:00:56,293 - INFO - Configurando la red para el cliente...
2025-05-28 11:00:56,376 - INFO - Configurando la red para el balanceador...
2025-05-28 11:00:56,541 - INFO - Configurando la red para la base de datos...
2025-05-28 11:00:56,625 - INFO - Configurando la red para el servidor s1 con la IP 134.3.0.11...
2025-05-28 11:00:56,708 - INFO - Configurando la red para el servidor s2 con la IP 134.3.0.12...
2025-05-28 11:00:56,789 - INFO - Red configurada correctamente para todos los servidores.
2025-05-28 11:00:56,789 - INFO - Red configurada correctamente.
2025-05-28 11:00:56,789 - INFO - Escenario creado correctamente.
2025-05-28 11:02:51,963 - INFO - Iniciando contenedor s1...
2025-05-28 11:02:53,982 - INFO - Iniciando contenedor s2...
2025-05-28 11:02:55,986 - INFO - Iniciando contenedor lb...
2025-05-28 11:02:57,989 - INFO - Iniciando contenedor cl...
2025-05-28 11:02:59,992 - INFO - Iniciando contenedor db...
2025-05-28 11:05:08,460 - INFO - Verificando si el contenedor s1 existe...
2025-05-28 11:05:12,276 - INFO - El contenedor se ha creado correctamente.
2025-05-28 11:05:31,155 - INFO - Iniciando contenedor s1...
2025-05-28 11:12:59,512 - ERROR - ¡Error al reiniciar MongoDB!
2025-05-28 11:12:59,512 - INFO - Verificando si el contenedor db existe...
2025-05-28 11:12:59,531 - INFO - Instalando MongoDB...
2025-05-28 11:13:31,767 - INFO - Configurando MongoDB...
2025-05-28 11:48:47,010 - ERROR - ¡Error al reiniciar MongoDB!
2025-05-28 11:48:47,011 - INFO - Verificando si el contenedor db existe...
2025-05-28 11:48:47,066 - INFO - Instalando MongoDB...
2025-05-28 11:49:19,219 - INFO - Configurando MongoDB...
2025-05-28 11:49:37,840 - INFO - Verificando si el contenedor s2 existe...
2025-05-28 11:50:10,124 - INFO - Verificando si el contenedor lb existe...
2025-05-28 11:50:55,336 - INFO - Verificando si el contenedor cl existe...
2025-05-28 11:52:20,627 - INFO - Verificando si el contenedor db existe...
2025-05-28 11:53:05,528 - INFO - Verificando si el contenedor s1 existe...
2025-05-28 12:13:47,218 - ERROR - ¡Error al reiniciar MongoDB!
2025-05-28 12:13:47,219 - INFO - Verificando si el contenedor db existe...
2025-05-28 12:13:47,297 - INFO - Instalando MongoDB...
2025-05-28 12:13:48,724 - INFO - Configurando MongoDB...
2025-05-28 12:16:08,057 - ERROR - ¡Error al reiniciar MongoDB!
2025-05-28 12:16:08,058 - INFO - Verificando si el contenedor db existe...
2025-05-28 12:16:08,085 - INFO - Instalando MongoDB...
2025-05-28 12:16:08,326 - INFO - Configurando MongoDB...
2025-05-28 12:26:59,713 - INFO - Verificando si el contenedor s2 existe...
2025-05-28 12:28:03,058 - INFO - Verificando si el contenedor lb existe...
2025-05-28 12:29:33,232 - INFO - Verificando si el contenedor cl existe...
2025-05-28 12:31:03,244 - INFO - Verificando si el contenedor db existe...
2025-05-28 12:32:33,657 - INFO - Verificando si el contenedor s1 existe...
2025-05-28 13:05:03,352 - ERROR - ¡Error al reiniciar MongoDB!
2025-05-28 13:05:03,353 - INFO - Verificando si el contenedor s2 existe...
2025-05-28 13:08:55,480 - ERROR - ¡Error al reiniciar MongoDB!
2025-05-28 13:08:55,481 - INFO - Verificando si el contenedor s2 existe...
2025-05-28 13:11:07,619 - ERROR - ¡Error al reiniciar MongoDB!
2025-05-28 13:11:07,621 - INFO - Verificando si el contenedor s2 existe...
2025-05-28 13:11:10,203 - INFO - Verificando si el contenedor s2 existe...
2025-05-28 13:11:30,142 - INFO - Verificando si el contenedor lb existe...
2025-05-28 13:13:05,548 - INFO - Verificando si el contenedor cl existe...
2025-05-28 13:13:26,253 - INFO - Verificando si el contenedor db existe...
2025-05-28 13:13:26,270 - INFO - Instalando MongoDB...
2025-05-28 13:13:26,469 - INFO - Configurando MongoDB...
2025-05-28 13:13:44,209 - INFO - Verificando si el contenedor s2 existe...
2025-05-28 13:18:56,491 - INFO - Verificando si el contenedor db existe...
2025-05-28 13:18:56,511 - INFO - Instalando MongoDB...
2025-05-28 13:18:56,717 - INFO - Configurando MongoDB...
2025-05-28 13:19:01,347 - INFO - Verificando si el contenedor s2 existe...
2025-05-28 13:19:31,107 - INFO - Verificando si el contenedor db existe...
2025-05-28 13:19:31,126 - INFO - Instalando MongoDB...
2025-05-28 13:19:31,286 - INFO - Configurando MongoDB...
2025-05-28 13:19:59,378 - INFO - Verificando si el contenedor db existe...
2025-05-28 13:19:59,397 - INFO - Instalando MongoDB...
2025-05-28 13:19:59,651 - INFO - Configurando MongoDB...
2025-05-28 13:20:32,712 - INFO - Verificando si el contenedor db existe...
2025-05-28 13:20:32,732 - INFO - Instalando MongoDB...
2025-05-28 13:20:32,951 - INFO - Configurando MongoDB...
2025-05-28 13:45:20,227 - INFO - Verificando si el contenedor s1 existe...
2025-05-28 13:45:25,200 - INFO - Verificando si el contenedor s2 existe...
2025-05-28 13:45:28,974 - INFO - Verificando si el contenedor lb existe...
2025-05-28 13:45:28,987 - INFO - Creando balanceador lb...
2025-05-28 13:45:33,033 - INFO - Verificando si el contenedor cl existe...
2025-05-28 13:45:33,086 - INFO - Creando cliente cl...
2025-05-28 13:45:36,839 - INFO - Verificando si el contenedor db existe...
2025-05-28 13:45:36,855 - INFO - Creando contenedor db...
2025-05-28 13:45:40,609 - INFO - Configurando red: creando bridges...
2025-05-28 13:45:40,609 - INFO - Verificando si el bridge lxdbr1 existe...
2025-05-28 13:45:41,192 - INFO - Bridge lxdbr1 creado correctamente.
2025-05-28 13:45:41,207 - INFO - Configurando la red para el cliente...
2025-05-28 13:45:41,269 - INFO - Configurando la red para el balanceador...
2025-05-28 13:45:41,392 - INFO - Configurando la red para la base de datos...
2025-05-28 13:45:41,449 - INFO - Configurando la red para el servidor s1 con la IP 134.3.0.11...
2025-05-28 13:45:41,501 - INFO - Configurando la red para el servidor s2 con la IP 134.3.0.12...
2025-05-28 13:45:41,551 - INFO - Red configurada correctamente para todos los servidores.
2025-05-28 13:45:41,551 - INFO - Red configurada correctamente.
2025-05-28 13:45:41,551 - INFO - Escenario creado correctamente.
2025-05-28 13:45:52,624 - INFO - Iniciando contenedor s1...
2025-05-28 13:45:54,630 - INFO - Iniciando contenedor s2...
2025-05-28 13:45:56,633 - INFO - Iniciando contenedor lb...
2025-05-28 13:45:58,635 - INFO - Iniciando contenedor cl...
2025-05-28 13:46:00,638 - INFO - Iniciando contenedor db...
2025-05-28 13:46:27,473 - INFO - Verificando si el contenedor db existe...
2025-05-28 13:46:27,491 - INFO - Instalando MongoDB...
2025-05-28 13:46:59,697 - INFO - Configurando MongoDB...
2025-05-28 13:47:09,273 - INFO - Verificando si el contenedor s1 existe...
2025-05-28 13:47:46,824 - INFO - Verificando si el contenedor s2 existe...
2025-05-28 13:49:16,533 - INFO - Verificando si el contenedor lb existe...
2025-05-28 13:49:59,152 - INFO - Verificando si el contenedor cl existe...
2025-05-28 13:50:41,956 - INFO - Verificando si el contenedor db existe...
2025-05-28 14:31:18,149 - INFO - Verificando si el contenedor s1 existe...
2025-05-28 14:31:22,110 - INFO - Verificando si el contenedor s2 existe...
2025-05-28 14:31:26,112 - INFO - Verificando si el contenedor lb existe...
2025-05-28 14:31:26,124 - INFO - Creando balanceador lb...
2025-05-28 14:31:30,143 - INFO - Verificando si el contenedor cl existe...
2025-05-28 14:31:30,158 - INFO - Creando cliente cl...
2025-05-28 14:31:33,989 - INFO - Verificando si el contenedor db existe...
2025-05-28 14:31:34,005 - INFO - Creando contenedor db...
2025-05-28 14:31:37,865 - INFO - Configurando red: creando bridges...
2025-05-28 14:31:37,865 - INFO - Verificando si el bridge lxdbr1 existe...
2025-05-28 14:31:38,502 - INFO - Bridge lxdbr1 creado correctamente.
2025-05-28 14:31:38,517 - INFO - Configurando la red para el cliente...
2025-05-28 14:31:38,575 - INFO - Configurando la red para el balanceador...
2025-05-28 14:31:38,696 - INFO - Configurando la red para la base de datos...
2025-05-28 14:31:38,755 - INFO - Configurando la red para el servidor s1 con la IP 134.3.0.11...
2025-05-28 14:31:38,813 - INFO - Configurando la red para el servidor s2 con la IP 134.3.0.12...
2025-05-28 14:31:38,871 - INFO - Red configurada correctamente para todos los servidores.
2025-05-28 14:31:38,871 - INFO - Red configurada correctamente.
2025-05-28 14:31:38,871 - INFO - Escenario creado correctamente.
2025-05-28 14:31:48,721 - INFO - Iniciando contenedor s1...
2025-05-28 14:31:50,726 - INFO - Iniciando contenedor s2...
2025-05-28 14:31:52,729 - INFO - Iniciando contenedor lb...
2025-05-28 14:31:54,732 - INFO - Iniciando contenedor cl...
2025-05-28 14:31:56,736 - INFO - Iniciando contenedor db...
2025-05-28 14:36:20,867 - INFO - Verificando si el contenedor s1 existe...
2025-05-28 14:36:24,648 - INFO - Verificando si el contenedor s2 existe...
2025-05-28 14:36:28,344 - INFO - Verificando si el contenedor lb existe...
2025-05-28 14:36:28,358 - INFO - Creando balanceador lb...
2025-05-28 14:36:32,404 - INFO - Verificando si el contenedor cl existe...
2025-05-28 14:36:32,419 - INFO - Creando cliente cl...
2025-05-28 14:36:36,402 - INFO - Verificando si el contenedor db existe...
2025-05-28 14:36:36,417 - INFO - Creando contenedor db...
2025-05-28 14:36:40,392 - INFO - Configurando red: creando bridges...
2025-05-28 14:36:40,392 - INFO - Verificando si el bridge lxdbr1 existe...
2025-05-28 14:36:41,033 - INFO - Bridge lxdbr1 creado correctamente.
2025-05-28 14:36:41,901 - INFO - Configurando la red para el cliente...
2025-05-28 14:36:41,960 - INFO - Configurando la red para el balanceador...
2025-05-28 14:36:42,073 - INFO - Configurando la red para la base de datos...
2025-05-28 14:36:42,130 - INFO - Configurando la red para el servidor s1 con la IP 134.3.0.11...
2025-05-28 14:36:42,186 - INFO - Configurando la red para el servidor s2 con la IP 134.3.0.12...
2025-05-28 14:36:42,242 - INFO - Red configurada correctamente para todos los servidores.
2025-05-28 14:36:42,242 - INFO - Red configurada correctamente.
2025-05-28 14:36:42,242 - INFO - Escenario creado correctamente.
2025-05-28 14:36:58,425 - INFO - Iniciando contenedor s1...
2025-05-28 14:37:00,431 - INFO - Iniciando contenedor s2...
2025-05-28 14:37:02,434 - INFO - Iniciando contenedor lb...
2025-05-28 14:37:04,436 - INFO - Iniciando contenedor cl...
2025-05-28 14:37:06,439 - INFO - Iniciando contenedor db...
2025-05-28 14:40:10,148 - INFO - Verificando si el contenedor db existe...
2025-05-28 14:40:10,168 - INFO - Instalando MongoDB...
2025-05-28 14:40:13,914 - INFO - Configurando MongoDB...
2025-05-28 14:40:18,420 - INFO - Verificando si el contenedor s1 existe...
2025-05-28 14:40:40,559 - INFO - Verificando si el contenedor s2 existe...
2025-05-28 14:41:02,319 - INFO - Verificando si el contenedor lb existe...
2025-05-28 14:41:24,104 - INFO - Verificando si el contenedor cl existe...
2025-05-28 14:41:38,723 - INFO - Verificando si el contenedor db existe...
2025-05-28 14:41:38,741 - INFO - Instalando MongoDB...
2025-05-28 14:41:41,738 - INFO - Configurando MongoDB...
2025-05-28 14:44:06,617 - INFO - Verificando si el contenedor db existe...
2025-05-28 14:44:06,636 - INFO - Instalando MongoDB...
2025-05-28 14:44:09,376 - INFO - Configurando MongoDB...
2025-05-28 14:47:47,029 - INFO - Verificando si el contenedor db existe...
2025-05-28 14:47:47,049 - INFO - Instalando MongoDB...
2025-05-28 14:47:49,560 - INFO - Configurando MongoDB...
2025-05-28 14:48:25,989 - INFO - Verificando si el contenedor db existe...
2025-05-28 14:48:26,007 - INFO - Instalando MongoDB...
2025-05-28 14:48:28,598 - INFO - Configurando MongoDB...
2025-05-29 10:13:01,403 - INFO - Verificando si el contenedor s1 existe...
2025-05-29 10:13:15,284 - INFO - Verificando si el contenedor s2 existe...
2025-05-29 10:13:20,140 - INFO - Verificando si el contenedor s3 existe...
2025-05-29 10:13:25,279 - INFO - Verificando si el contenedor lb existe...
2025-05-29 10:13:25,296 - INFO - Creando balanceador lb...
2025-05-29 10:13:29,943 - INFO - Verificando si el contenedor cl existe...
2025-05-29 10:13:29,959 - INFO - Creando cliente cl...
2025-05-29 10:13:34,049 - INFO - Verificando si el contenedor db existe...
2025-05-29 10:13:34,065 - INFO - Creando contenedor db...
2025-05-29 10:13:37,995 - INFO - Configurando red: creando bridges...
2025-05-29 10:13:37,995 - INFO - Verificando si el bridge lxdbr1 existe...
2025-05-29 10:13:38,586 - INFO - Bridge lxdbr1 creado correctamente.
2025-05-29 10:13:39,421 - INFO - Configurando la red para el cliente...
2025-05-29 10:13:39,485 - INFO - Configurando la red para el balanceador...
2025-05-29 10:13:39,606 - INFO - Configurando la red para la base de datos...
2025-05-29 10:13:39,668 - INFO - Configurando la red para el servidor s1 con la IP 134.3.0.11...
2025-05-29 10:13:39,730 - INFO - Configurando la red para el servidor s2 con la IP 134.3.0.12...
2025-05-29 10:13:39,791 - INFO - Configurando la red para el servidor s3 con la IP 134.3.0.13...
2025-05-29 10:13:39,860 - INFO - Red configurada correctamente para todos los servidores.
2025-05-29 10:13:39,860 - INFO - Red configurada correctamente.
2025-05-29 10:13:39,860 - INFO - Escenario creado correctamente.
2025-05-29 10:18:31,142 - INFO - Iniciando contenedor db...
2025-05-29 10:58:05,300 - INFO - Verificando si el contenedor db existe...
2025-05-29 10:58:05,319 - INFO - Instalando MongoDB...
2025-05-29 10:59:22,025 - INFO - Configurando MongoDB...
2025-05-29 10:59:26,367 - INFO - Verificando si el contenedor s1 existe...
2025-05-29 10:59:28,673 - INFO - Verificando si el contenedor s2 existe...
2025-05-29 10:59:31,230 - INFO - Verificando si el contenedor s3 existe...
2025-05-29 10:59:33,584 - INFO - Verificando si el contenedor lb existe...
2025-05-29 10:59:36,043 - INFO - Verificando si el contenedor cl existe...
2025-05-29 10:59:38,312 - INFO - Verificando si el contenedor db existe...
2025-05-29 11:01:03,592 - INFO - Verificando si el contenedor db existe...
2025-05-29 11:01:03,610 - INFO - Instalando MongoDB...
2025-05-29 11:01:55,355 - INFO - Configurando MongoDB...
2025-05-29 11:01:59,846 - INFO - Verificando si el contenedor s1 existe...
2025-05-29 11:02:02,244 - INFO - Verificando si el contenedor s2 existe...
2025-05-29 11:02:04,855 - INFO - Verificando si el contenedor s3 existe...
2025-05-29 11:02:07,367 - INFO - Verificando si el contenedor lb existe...
2025-05-29 11:02:09,703 - INFO - Verificando si el contenedor cl existe...
2025-05-29 11:02:12,062 - INFO - Verificando si el contenedor db existe...
2025-05-29 11:03:19,606 - INFO - Iniciando contenedor s1...
2025-05-29 11:03:21,611 - INFO - Iniciando contenedor s2...
2025-05-29 11:03:23,614 - INFO - Iniciando contenedor s3...
2025-05-29 11:03:25,616 - INFO - Iniciando contenedor lb...
2025-05-29 11:03:27,620 - INFO - Iniciando contenedor cl...
2025-05-29 11:03:59,489 - INFO - Verificando si el contenedor db existe...
2025-05-29 11:03:59,508 - INFO - Instalando MongoDB...
2025-05-29 11:04:32,678 - INFO - Configurando MongoDB...
2025-05-29 11:04:37,143 - INFO - Verificando si el contenedor s1 existe...
2025-05-29 11:05:03,611 - INFO - Verificando si el contenedor s2 existe...
2025-05-29 11:05:29,931 - INFO - Verificando si el contenedor s3 existe...
2025-05-29 11:05:56,067 - INFO - Verificando si el contenedor lb existe...
2025-05-29 11:06:22,371 - INFO - Verificando si el contenedor cl existe...
2025-05-29 11:06:48,490 - INFO - Verificando si el contenedor db existe...
2025-05-29 11:24:18,716 - INFO - Verificando si el contenedor db existe...
2025-05-29 11:24:18,738 - INFO - Instalando MongoDB...
2025-05-29 11:24:43,559 - INFO - Configurando MongoDB...
2025-05-29 11:25:39,418 - INFO - Verificando si el contenedor db existe...
2025-05-29 11:25:39,439 - INFO - Instalando MongoDB...
2025-05-29 11:26:16,032 - INFO - Configurando MongoDB...
2025-05-29 11:26:20,418 - INFO - Verificando si el contenedor s1
 existe...
2025-05-29 11:26:20,457 - ERROR - El contenedor 's1
' no existe. Ejecuta 'python3 pfinal1.py create'.
2025-05-29 13:11:40,299 - INFO - Verificando si el contenedor s1 existe...
2025-05-29 13:11:40,329 - INFO - El contenedor s1 ya existe. Saltando creación.
2025-05-29 13:11:40,329 - INFO - Verificando si el contenedor s2 existe...
2025-05-29 13:11:40,347 - INFO - El contenedor s2 ya existe. Saltando creación.
2025-05-29 13:11:40,347 - INFO - Verificando si el contenedor s3 existe...
2025-05-29 13:11:40,365 - INFO - El contenedor s3 ya existe. Saltando creación.
2025-05-29 13:11:40,365 - INFO - Verificando si el contenedor lb existe...
2025-05-29 13:11:40,384 - INFO - El balanceador lb ya existe. Saltando creación.
2025-05-29 13:11:40,385 - INFO - Verificando si el contenedor cl existe...
2025-05-29 13:11:40,403 - INFO - El contenedor cl ya existe. Saltando creación.
2025-05-29 13:11:40,403 - INFO - Verificando si el contenedor db existe...
2025-05-29 13:11:40,422 - INFO - El contenedor db ya existe. Saltando creación.
2025-05-29 13:11:40,422 - INFO - Configurando red: creando bridges...
2025-05-29 13:11:40,422 - INFO - Verificando si el bridge lxdbr1 existe...
2025-05-29 13:11:40,446 - INFO - El bridge lxdbr1 ya existe.
2025-05-29 13:11:40,472 - INFO - Configurando la red para el cliente...
2025-05-29 13:11:40,503 - INFO - Configurando la red para el balanceador...
2025-05-29 13:23:41,972 - INFO - Verificando si el contenedor s1 existe...
2025-05-29 13:23:41,991 - INFO - El contenedor s1 ya existe. Saltando creación.
2025-05-29 13:23:41,991 - INFO - Verificando si el contenedor s2 existe...
2025-05-29 13:23:42,010 - INFO - El contenedor s2 ya existe. Saltando creación.
2025-05-29 13:23:42,010 - INFO - Verificando si el contenedor s3 existe...
2025-05-29 13:23:42,028 - INFO - El contenedor s3 ya existe. Saltando creación.
2025-05-29 13:23:42,028 - INFO - Verificando si el contenedor lb existe...
2025-05-29 13:23:42,047 - INFO - El balanceador lb ya existe. Saltando creación.
2025-05-29 13:23:42,047 - INFO - Verificando si el contenedor cl existe...
2025-05-29 13:23:42,065 - INFO - El contenedor cl ya existe. Saltando creación.
2025-05-29 13:23:42,065 - INFO - Verificando si el contenedor db existe...
2025-05-29 13:23:42,084 - INFO - El contenedor db ya existe. Saltando creación.
2025-05-29 13:23:42,084 - INFO - Configurando red: creando bridges...
2025-05-29 13:23:42,084 - INFO - Verificando si el bridge lxdbr1 existe...
2025-05-29 13:23:42,110 - INFO - El bridge lxdbr1 ya existe.
2025-05-29 13:23:42,133 - INFO - Configurando la red para el cliente...
2025-05-29 13:23:42,163 - INFO - Configurando la red para el balanceador...
2025-05-29 13:23:42,263 - INFO - Configurando la red para la base de datos...
2025-05-29 13:23:42,296 - INFO - Configurando la red para el servidor s1 con la IP 134.3.0.11...
2025-05-29 13:23:42,327 - INFO - Configurando la red para el servidor s2 con la IP 134.3.0.12...
2025-05-29 13:23:42,359 - INFO - Configurando la red para el servidor s3 con la IP 134.3.0.13...
2025-05-29 13:23:42,393 - INFO - Red configurada correctamente para todos los servidores.
2025-05-29 13:23:42,393 - INFO - Red configurada correctamente.
2025-05-29 13:23:42,393 - INFO - Escenario creado correctamente.
2025-05-29 13:24:11,961 - INFO - Verificando si el contenedor db existe...
2025-05-29 13:24:11,980 - INFO - Instalando MongoDB...
2025-05-29 13:25:21,663 - INFO - Configurando MongoDB...
2025-05-29 13:28:01,673 - INFO - Verificando si el contenedor db existe...
2025-05-29 13:28:01,693 - INFO - Instalando MongoDB...
2025-05-29 13:28:48,101 - INFO - Configurando MongoDB...
2025-05-29 13:28:52,390 - INFO - Verificando si el contenedor s1 existe...
2025-05-29 13:37:08,737 - INFO - Verificando si el contenedor db existe...
2025-05-29 13:37:08,759 - INFO - Instalando MongoDB...
2025-05-29 13:37:38,201 - INFO - Configurando MongoDB...
2025-05-29 13:37:42,645 - INFO - Verificando si el contenedor s1 existe...
2025-05-29 13:51:50,070 - INFO - Verificando si el contenedor db existe...
2025-05-29 13:51:50,091 - INFO - Instalando MongoDB...
2025-05-29 13:52:50,651 - INFO - Configurando MongoDB...
2025-05-29 13:52:55,106 - INFO - Verificando si el contenedor s1 existe...
2025-05-29 13:56:44,804 - INFO - Verificando si el contenedor s2 existe...
2025-05-29 14:00:43,079 - INFO - Verificando si el contenedor s3 existe...
2025-06-02 11:14:43,546 - INFO - Verificando si el contenedor s1 existe...
2025-06-02 11:14:57,406 - INFO - Verificando si el contenedor s2 existe...
2025-06-02 11:15:03,482 - INFO - Verificando si el contenedor s3 existe...
2025-06-02 11:15:09,644 - INFO - Verificando si el contenedor lb existe...
2025-06-02 11:15:09,662 - INFO - Creando balanceador lb...
2025-06-02 11:15:16,036 - INFO - Verificando si el contenedor cl existe...
2025-06-02 11:15:16,055 - INFO - Creando cliente cl...
2025-06-02 11:15:22,427 - INFO - Verificando si el contenedor db existe...
2025-06-02 11:15:22,447 - INFO - Creando contenedor db...
2025-06-02 11:15:29,152 - INFO - Configurando red: creando bridges...
2025-06-02 11:15:29,152 - INFO - Verificando si el bridge lxdbr1 existe...
2025-06-02 11:15:29,794 - INFO - Bridge lxdbr1 creado correctamente.
2025-06-02 11:15:30,704 - INFO - Configurando la red para el cliente...
2025-06-02 11:15:30,795 - INFO - Configurando la red para el balanceador...
2025-06-02 11:15:31,428 - INFO - Configurando la red para la base de datos...
2025-06-02 11:15:31,626 - INFO - Configurando la red para el servidor s1 con la IP 134.3.0.11...
2025-06-02 11:15:31,762 - INFO - Configurando la red para el servidor s2 con la IP 134.3.0.12...
2025-06-02 11:15:31,860 - INFO - Configurando la red para el servidor s3 con la IP 134.3.0.13...
2025-06-02 11:15:32,483 - INFO - Red configurada correctamente para todos los servidores.
2025-06-02 11:15:32,483 - INFO - Red configurada correctamente.
2025-06-02 11:15:32,483 - INFO - Escenario creado correctamente.
2025-06-02 11:22:53,018 - INFO - Verificando si el contenedor s1 existe...
2025-06-02 11:22:59,183 - INFO - Verificando si el contenedor s2 existe...
2025-06-02 11:23:05,267 - INFO - Verificando si el contenedor s3 existe...
2025-06-02 11:23:11,315 - INFO - Verificando si el contenedor lb existe...
2025-06-02 11:23:11,333 - INFO - Creando balanceador lb...
2025-06-02 11:23:17,452 - INFO - Verificando si el contenedor cl existe...
2025-06-02 11:23:17,471 - INFO - Creando cliente cl...
2025-06-02 11:23:23,497 - INFO - Verificando si el contenedor db existe...
2025-06-02 11:23:23,516 - INFO - Creando contenedor db...
2025-06-02 11:23:30,366 - INFO - Configurando red: creando bridges...
2025-06-02 11:23:30,366 - INFO - Verificando si el bridge lxdbr1 existe...
2025-06-02 11:23:30,397 - INFO - El bridge lxdbr1 ya existe.
2025-06-02 11:23:30,426 - INFO - Configurando la red para el cliente...
2025-06-02 11:23:30,511 - INFO - Configurando la red para el balanceador...
2025-06-02 11:23:30,826 - INFO - Configurando la red para la base de datos...
2025-06-02 11:23:31,009 - INFO - Configurando la red para el servidor s1 con la IP 134.3.0.11...
2025-06-02 11:23:31,299 - INFO - Configurando la red para el servidor s2 con la IP 134.3.0.12...
2025-06-02 11:23:31,505 - INFO - Configurando la red para el servidor s3 con la IP 134.3.0.13...
2025-06-02 11:23:31,817 - INFO - Red configurada correctamente para todos los servidores.
2025-06-02 11:23:31,817 - INFO - Red configurada correctamente.
2025-06-02 11:23:31,818 - INFO - Escenario creado correctamente.
2025-06-02 11:25:54,538 - INFO - Iniciando contenedor s1...
2025-06-02 11:25:56,551 - INFO - Iniciando contenedor s2...
2025-06-02 11:25:58,556 - INFO - Iniciando contenedor s3...
2025-06-02 11:26:00,566 - INFO - Iniciando contenedor lb...
2025-06-02 11:26:02,570 - INFO - Iniciando contenedor cl...
2025-06-02 11:26:04,577 - INFO - Iniciando contenedor db...
2025-06-02 11:34:11,198 - INFO - Verificando si el contenedor lb existe...
2025-06-02 11:34:17,305 - INFO - El contenedor se ha creado correctamente.
2025-06-02 11:35:04,752 - INFO - Verificando si el contenedor s1 existe...
2025-06-02 11:35:04,775 - INFO - El contenedor s1 ya existe. Saltando creación.
2025-06-02 11:35:04,775 - INFO - Verificando si el contenedor s2 existe...
2025-06-02 11:35:04,797 - INFO - El contenedor s2 ya existe. Saltando creación.
2025-06-02 11:35:04,797 - INFO - Verificando si el contenedor s3 existe...
2025-06-02 11:35:04,818 - INFO - El contenedor s3 ya existe. Saltando creación.
2025-06-02 11:35:04,818 - INFO - Verificando si el contenedor lb existe...
2025-06-02 11:35:04,839 - INFO - Creando balanceador lb...
2025-06-02 11:35:10,884 - INFO - Verificando si el contenedor cl existe...
2025-06-02 11:35:10,906 - INFO - El contenedor cl ya existe. Saltando creación.
2025-06-02 11:35:10,906 - INFO - Verificando si el contenedor db existe...
2025-06-02 11:35:10,931 - INFO - El contenedor db ya existe. Saltando creación.
2025-06-02 11:35:10,932 - INFO - Configurando red: creando bridges...
2025-06-02 11:35:10,932 - INFO - Verificando si el bridge lxdbr1 existe...
2025-06-02 11:35:10,973 - INFO - El bridge lxdbr1 ya existe.
2025-06-02 11:35:11,014 - INFO - Configurando la red para el cliente...
2025-06-02 11:35:11,070 - INFO - Configurando la red para el balanceador...
2025-06-02 11:35:11,313 - INFO - Configurando la red para la base de datos...
2025-06-02 11:35:11,363 - INFO - Configurando la red para el servidor s1 con la IP 134.3.0.11...
2025-06-02 11:35:11,428 - INFO - Configurando la red para el servidor s2 con la IP 134.3.0.12...
2025-06-02 11:35:11,521 - INFO - Configurando la red para el servidor s3 con la IP 134.3.0.13...
2025-06-02 11:35:11,627 - INFO - Red configurada correctamente para todos los servidores.
2025-06-02 11:35:11,628 - INFO - Red configurada correctamente.
2025-06-02 11:35:11,628 - INFO - Escenario creado correctamente.
2025-06-02 11:35:52,226 - INFO - Iniciando contenedor lb...
2025-06-02 11:38:28,121 - INFO - Iniciando contenedor cl...
2025-06-02 11:38:34,970 - INFO - Iniciando contenedor db...
2025-06-02 11:38:42,542 - INFO - Iniciando contenedor s1...
2025-06-02 11:38:47,782 - INFO - Iniciando contenedor s2...
2025-06-02 11:38:54,042 - INFO - Iniciando contenedor s3...
2025-06-02 11:48:05,565 - INFO - Verificando si el contenedor db existe...
2025-06-02 11:48:05,597 - INFO - Instalando MongoDB...
2025-06-02 11:48:47,229 - INFO - Configurando MongoDB...
2025-06-02 11:48:51,659 - INFO - Verificando si el contenedor s1 existe...
2025-06-02 11:51:12,555 - INFO - Verificando si el contenedor s2 existe...
2025-06-02 11:52:41,676 - INFO - Verificando si el contenedor s3 existe...
2025-06-02 11:53:39,120 - INFO - Verificando si el contenedor s1 existe...
2025-06-02 11:53:45,208 - INFO - Verificando si el contenedor s2 existe...
2025-06-02 11:53:45,225 - INFO - El contenedor s2 ya existe. Saltando creación.
2025-06-02 11:53:45,225 - INFO - Verificando si el contenedor s3 existe...
2025-06-02 11:53:51,280 - INFO - Verificando si el contenedor lb existe...
2025-06-02 11:53:51,298 - INFO - Creando balanceador lb...
2025-06-02 11:53:57,532 - INFO - Verificando si el contenedor cl existe...
2025-06-02 11:53:57,551 - INFO - Creando cliente cl...
2025-06-02 11:54:03,691 - INFO - Verificando si el contenedor db existe...
2025-06-02 11:54:03,712 - INFO - Creando contenedor db...
2025-06-02 11:54:10,290 - INFO - Configurando red: creando bridges...
2025-06-02 11:54:10,290 - INFO - Verificando si el bridge lxdbr1 existe...
2025-06-02 11:54:10,321 - INFO - El bridge lxdbr1 ya existe.
2025-06-02 11:54:10,351 - INFO - Configurando la red para el cliente...
2025-06-02 11:54:10,499 - INFO - Configurando la red para el balanceador...
2025-06-02 11:54:10,876 - INFO - Configurando la red para la base de datos...
2025-06-02 11:54:11,024 - INFO - Configurando la red para el servidor s1 con la IP 134.3.0.11...
2025-06-02 11:54:11,302 - INFO - Configurando la red para el servidor s2 con la IP 134.3.0.12...
2025-06-02 11:54:11,432 - INFO - Configurando la red para el servidor s3 con la IP 134.3.0.13...
2025-06-02 11:54:11,705 - INFO - Red configurada correctamente para todos los servidores.
2025-06-02 11:54:11,705 - INFO - Red configurada correctamente.
2025-06-02 11:54:11,705 - INFO - Escenario creado correctamente.
2025-06-02 11:57:10,211 - INFO - Iniciando contenedor s1...
2025-06-02 11:57:12,217 - INFO - Iniciando contenedor s3...
2025-06-02 11:57:14,220 - INFO - Iniciando contenedor lb...
2025-06-02 11:57:16,231 - INFO - Iniciando contenedor cl...
2025-06-02 11:57:18,234 - INFO - Iniciando contenedor db...
2025-06-02 11:57:39,640 - INFO - Verificando si el contenedor db existe...
2025-06-02 11:57:39,667 - INFO - Instalando MongoDB...
2025-06-02 11:58:17,499 - INFO - Configurando MongoDB...
2025-06-02 11:58:21,951 - INFO - Verificando si el contenedor s1 existe...
2025-06-02 12:00:41,232 - INFO - Verificando si el contenedor s2 existe...
2025-06-02 12:01:47,933 - INFO - Verificando si el contenedor s3 existe...
2025-06-02 13:25:23,924 - INFO - Verificando si el contenedor db existe...
2025-06-02 13:25:23,954 - INFO - Instalando MongoDB...
2025-06-02 13:25:30,957 - INFO - Configurando MongoDB...
2025-06-02 13:25:35,671 - INFO - Verificando si el contenedor s1 existe...
2025-06-02 13:26:24,603 - INFO - Verificando si el contenedor s2 existe...
2025-06-02 13:28:16,219 - INFO - Verificando si el contenedor s3 existe...
2025-06-02 13:41:14,668 - INFO - Parando contenedor s1...
2025-06-02 13:41:14,675 - INFO - Parando contenedor s2...
2025-06-02 13:41:14,683 - INFO - Parando contenedor s3...
2025-06-02 13:41:14,696 - INFO - Parando contenedor lb...
2025-06-02 13:41:14,708 - INFO - Parando contenedor cl...
2025-06-02 13:41:14,716 - INFO - Parando contenedor db...
2025-06-02 13:41:56,366 - INFO - Verificando si el contenedor s1 existe...
2025-06-02 13:42:03,822 - INFO - Verificando si el contenedor s2 existe...
2025-06-02 13:42:09,927 - INFO - Verificando si el contenedor s3 existe...
2025-06-02 13:42:16,049 - INFO - Verificando si el contenedor lb existe...
2025-06-02 13:42:16,068 - INFO - Creando balanceador lb...
2025-06-02 13:42:22,173 - INFO - Verificando si el contenedor cl existe...
2025-06-02 13:42:22,193 - INFO - Creando cliente cl...
2025-06-02 13:42:28,479 - INFO - Verificando si el contenedor db existe...
2025-06-02 13:42:28,501 - INFO - Creando contenedor db...
2025-06-02 13:42:35,861 - INFO - Configurando red: creando bridges...
2025-06-02 13:42:35,861 - INFO - Verificando si el bridge lxdbr1 existe...
2025-06-02 13:42:36,488 - INFO - Bridge lxdbr1 creado correctamente.
2025-06-02 13:42:36,507 - INFO - Configurando la red para el cliente...
2025-06-02 13:42:36,747 - INFO - Configurando la red para el balanceador...
2025-06-02 13:42:37,307 - INFO - Configurando la red para la base de datos...
2025-06-02 13:42:37,451 - INFO - Configurando la red para el servidor s1 con la IP 134.3.0.11...
2025-06-02 13:42:37,747 - INFO - Configurando la red para el servidor s2 con la IP 134.3.0.12...
2025-06-02 13:42:37,958 - INFO - Configurando la red para el servidor s3 con la IP 134.3.0.13...
2025-06-02 13:42:38,303 - INFO - Red configurada correctamente para todos los servidores.
2025-06-02 13:42:38,303 - INFO - Red configurada correctamente.
2025-06-02 13:42:38,303 - INFO - Escenario creado correctamente.
2025-06-02 13:43:04,763 - INFO - Iniciando contenedor s1...
2025-06-02 13:43:06,770 - INFO - Iniciando contenedor s2...
2025-06-02 13:43:08,774 - INFO - Iniciando contenedor s3...
2025-06-02 13:43:10,782 - INFO - Iniciando contenedor lb...
2025-06-02 13:43:12,786 - INFO - Iniciando contenedor cl...
2025-06-02 13:43:14,793 - INFO - Iniciando contenedor db...
2025-06-02 13:44:00,268 - INFO - Verificando si el contenedor db existe...
2025-06-02 13:44:00,295 - INFO - Instalando MongoDB...
2025-06-02 13:44:41,273 - INFO - Configurando MongoDB...
2025-06-02 13:44:45,775 - INFO - Verificando si el contenedor s1 existe...
2025-06-02 13:47:06,118 - INFO - Verificando si el contenedor s2 existe...
2025-06-02 13:49:26,606 - INFO - Verificando si el contenedor s3 existe...
2025-06-02 14:04:33,904 - INFO - Verificando si el contenedor s1 existe...
2025-06-02 14:04:39,998 - INFO - Verificando si el contenedor s2 existe...
2025-06-02 14:04:46,154 - INFO - Verificando si el contenedor s3 existe...
2025-06-02 14:04:52,378 - INFO - Verificando si el contenedor lb existe...
2025-06-02 14:04:52,397 - INFO - Creando balanceador lb...
2025-06-02 14:04:58,566 - INFO - Verificando si el contenedor cl existe...
2025-06-02 14:04:58,586 - INFO - Creando cliente cl...
2025-06-02 14:05:04,823 - INFO - Verificando si el contenedor db existe...
2025-06-02 14:05:04,849 - INFO - Creando contenedor db...
2025-06-02 14:05:11,547 - INFO - Configurando red: creando bridges...
2025-06-02 14:05:11,547 - INFO - Verificando si el bridge lxdbr1 existe...
2025-06-02 14:05:12,172 - INFO - Bridge lxdbr1 creado correctamente.
2025-06-02 14:05:12,190 - INFO - Configurando la red para el cliente...
2025-06-02 14:05:12,397 - INFO - Configurando la red para el balanceador...
2025-06-02 14:05:13,056 - INFO - Configurando la red para la base de datos...
2025-06-02 14:05:13,246 - INFO - Configurando la red para el servidor s1 con la IP 134.3.0.11...
2025-06-02 14:05:13,499 - INFO - Configurando la red para el servidor s2 con la IP 134.3.0.12...
2025-06-02 14:05:13,799 - INFO - Configurando la red para el servidor s3 con la IP 134.3.0.13...
2025-06-02 14:05:13,908 - INFO - Red configurada correctamente para todos los servidores.
2025-06-02 14:05:13,908 - INFO - Red configurada correctamente.
2025-06-02 14:05:13,908 - INFO - Escenario creado correctamente.
2025-06-02 14:15:08,314 - INFO - Verificando si el contenedor s1 existe...
2025-06-02 14:15:08,336 - INFO - El contenedor s1 ya existe. Saltando creación.
2025-06-02 14:15:08,336 - INFO - Verificando si el contenedor s2 existe...
2025-06-02 14:15:08,358 - INFO - El contenedor s2 ya existe. Saltando creación.
2025-06-02 14:15:08,358 - INFO - Verificando si el contenedor s3 existe...
2025-06-02 14:15:08,380 - INFO - El contenedor s3 ya existe. Saltando creación.
2025-06-02 14:15:08,380 - INFO - Verificando si el contenedor lb existe...
2025-06-02 14:15:08,402 - INFO - Creando balanceador lb...
2025-06-02 14:15:14,593 - INFO - Verificando si el contenedor cl existe...
2025-06-02 14:15:14,617 - INFO - El contenedor cl ya existe. Saltando creación.
2025-06-02 14:15:14,617 - INFO - Verificando si el contenedor db existe...
2025-06-02 14:15:14,640 - INFO - El contenedor db ya existe. Saltando creación.
2025-06-02 14:15:14,641 - INFO - Configurando red: creando bridges...
2025-06-02 14:15:14,641 - INFO - Verificando si el bridge lxdbr1 existe...
2025-06-02 14:15:14,673 - INFO - El bridge lxdbr1 ya existe.
2025-06-02 14:15:14,704 - INFO - Configurando la red para el cliente...
2025-06-02 14:15:14,747 - INFO - Configurando la red para el balanceador...
2025-06-02 14:15:22,894 - INFO - Configurando la red para la base de datos...
2025-06-02 14:15:22,934 - INFO - Configurando la red para el servidor s1 con la IP 134.3.0.11...
2025-06-02 14:15:22,978 - INFO - Configurando la red para el servidor s2 con la IP 134.3.0.12...
2025-06-02 14:15:23,020 - INFO - Configurando la red para el servidor s3 con la IP 134.3.0.13...
2025-06-02 14:15:23,064 - INFO - Red configurada correctamente para todos los servidores.
2025-06-02 14:15:23,064 - INFO - Red configurada correctamente.
2025-06-02 14:15:23,064 - INFO - Escenario creado correctamente.
2025-06-02 14:16:47,645 - INFO - Iniciando contenedor lb...
2025-06-02 14:17:53,631 - INFO - Iniciando contenedor s1...
2025-06-02 14:17:55,639 - INFO - Iniciando contenedor s2...
2025-06-02 14:17:57,643 - INFO - Iniciando contenedor s3...
2025-06-02 14:17:59,647 - INFO - Iniciando contenedor db...
2025-06-02 14:18:01,650 - INFO - Iniciando contenedor cl...
2025-06-02 14:18:39,062 - INFO - Verificando si el contenedor db existe...
2025-06-02 14:18:39,090 - INFO - Instalando MongoDB...
2025-06-02 14:19:25,401 - INFO - Configurando MongoDB...
2025-06-02 14:19:30,208 - INFO - Verificando si el contenedor s1 existe...
2025-06-02 14:22:00,837 - INFO - Verificando si el contenedor s2 existe...
2025-06-02 14:24:25,799 - INFO - Verificando si el contenedor s3 existe...
2025-06-02 15:48:24,137 - INFO - Verificando si el contenedor s1 existe...
2025-06-02 15:48:31,370 - INFO - Verificando si el contenedor s2 existe...
2025-06-02 15:48:37,492 - INFO - Verificando si el contenedor s3 existe...
2025-06-02 15:48:44,163 - INFO - Verificando si el contenedor lb existe...
2025-06-02 15:48:44,186 - INFO - Creando balanceador lb...
2025-06-02 15:48:50,534 - INFO - Verificando si el contenedor cl existe...
2025-06-02 15:48:50,555 - INFO - Creando cliente cl...
2025-06-02 15:48:57,231 - INFO - Verificando si el contenedor db existe...
2025-06-02 15:48:57,255 - INFO - Creando contenedor db...
2025-06-02 15:49:04,169 - INFO - Configurando red: creando bridges...
2025-06-02 15:49:04,169 - INFO - Verificando si el bridge lxdbr1 existe...
2025-06-02 15:49:04,846 - INFO - Bridge lxdbr1 creado correctamente.
2025-06-02 15:49:04,880 - INFO - Configurando la red para el cliente...
2025-06-02 15:49:05,085 - INFO - Configurando la red para el balanceador...
2025-06-02 15:49:05,371 - INFO - Configurando la red para la base de datos...
2025-06-02 15:49:05,505 - INFO - Configurando la red para el servidor s1 con la IP 134.3.0.11...
2025-06-02 15:49:05,743 - INFO - Configurando la red para el servidor s2 con la IP 134.3.0.12...
2025-06-02 15:49:05,937 - INFO - Configurando la red para el servidor s3 con la IP 134.3.0.13...
2025-06-02 15:49:06,662 - INFO - Red configurada correctamente para todos los servidores.
2025-06-02 15:49:06,662 - INFO - Red configurada correctamente.
2025-06-02 15:49:07,561 - INFO - Escenario creado correctamente.
2025-06-02 15:50:54,489 - INFO - Verificando si el contenedor s1 existe...
2025-06-02 15:50:54,512 - INFO - El contenedor s1 ya existe. Saltando creación.
2025-06-02 15:50:54,513 - INFO - Verificando si el contenedor s2 existe...
2025-06-02 15:50:54,536 - INFO - El contenedor s2 ya existe. Saltando creación.
2025-06-02 15:50:54,536 - INFO - Verificando si el contenedor s3 existe...
2025-06-02 15:50:54,559 - INFO - El contenedor s3 ya existe. Saltando creación.
2025-06-02 15:50:54,559 - INFO - Verificando si el contenedor lb existe...
2025-06-02 15:50:54,581 - INFO - Creando balanceador lb...
2025-06-02 15:51:00,691 - INFO - Verificando si el contenedor cl existe...
2025-06-02 15:51:00,720 - INFO - El contenedor cl ya existe. Saltando creación.
2025-06-02 15:51:00,720 - INFO - Verificando si el contenedor db existe...
2025-06-02 15:51:00,749 - INFO - El contenedor db ya existe. Saltando creación.
2025-06-02 15:51:00,750 - INFO - Configurando red: creando bridges...
2025-06-02 15:51:00,750 - INFO - Verificando si el bridge lxdbr1 existe...
2025-06-02 15:51:00,786 - INFO - El bridge lxdbr1 ya existe.
2025-06-02 15:51:00,818 - INFO - Configurando la red para el cliente...
2025-06-02 15:51:00,868 - INFO - Configurando la red para el balanceador...
2025-06-02 15:51:01,000 - INFO - Configurando la red para la base de datos...
2025-06-02 15:51:01,041 - INFO - Configurando la red para el servidor s1 con la IP 134.3.0.11...
2025-06-02 15:51:01,084 - INFO - Configurando la red para el servidor s2 con la IP 134.3.0.12...
2025-06-02 15:51:01,127 - INFO - Configurando la red para el servidor s3 con la IP 134.3.0.13...
2025-06-02 15:51:01,170 - INFO - Red configurada correctamente para todos los servidores.
2025-06-02 15:51:01,170 - INFO - Red configurada correctamente.
2025-06-02 15:51:11,135 - INFO - Escenario creado correctamente.
2025-06-02 15:51:57,246 - INFO - Iniciando contenedor lb...
2025-06-02 15:56:29,621 - INFO - Verificando si el contenedor s1 existe...
2025-06-02 15:56:35,686 - INFO - Verificando si el contenedor s2 existe...
2025-06-02 15:56:42,192 - INFO - Verificando si el contenedor s3 existe...
2025-06-02 15:56:49,025 - INFO - Verificando si el contenedor lb existe...
2025-06-02 15:56:49,045 - INFO - Creando balanceador lb...
2025-06-02 15:56:56,186 - INFO - Verificando si el contenedor cl existe...
2025-06-02 15:56:56,206 - INFO - Creando cliente cl...
2025-06-02 15:57:03,773 - INFO - Verificando si el contenedor db existe...
2025-06-02 15:57:03,799 - INFO - Creando contenedor db...
2025-06-02 15:57:11,420 - INFO - Configurando red: creando bridges...
2025-06-02 15:57:11,420 - INFO - Verificando si el bridge lxdbr1 existe...
2025-06-02 15:57:12,071 - INFO - Bridge lxdbr1 creado correctamente.
2025-06-02 15:57:12,091 - INFO - Configurando la red para el cliente...
2025-06-02 15:57:12,273 - INFO - Configurando la red para el balanceador...
2025-06-02 15:57:12,623 - INFO - Configurando la red para la base de datos...
2025-06-02 15:57:12,811 - INFO - Configurando la red para el servidor s1 con la IP 134.3.0.11...
2025-06-02 15:57:12,922 - INFO - Configurando la red para el servidor s2 con la IP 134.3.0.12...
2025-06-02 15:57:13,046 - INFO - Configurando la red para el servidor s3 con la IP 134.3.0.13...
2025-06-02 15:57:13,273 - INFO - Red configurada correctamente para todos los servidores.
2025-06-02 15:57:13,273 - INFO - Red configurada correctamente.
2025-06-02 15:57:13,273 - INFO - Escenario creado correctamente.
2025-06-02 15:57:37,799 - INFO - Iniciando contenedor lb...
